<?xml version="1.0" encoding="UTF-8"?>
<testsuite name="com.theBreak.app.TheBreakApplicationTests" tests="1" skipped="0" failures="0" errors="0" timestamp="2021-11-07T14:27:48" hostname="BCWMC003617" time="0.555">
  <properties/>
  <testcase name="contextLoads()" classname="com.theBreak.app.TheBreakApplicationTests" time="0.555"/>
  <system-out><![CDATA[15:27:44.545 [Test worker] DEBUG org.springframework.test.context.BootstrapUtils - Instantiating CacheAwareContextLoaderDelegate from class [org.springframework.test.context.cache.DefaultCacheAwareContextLoaderDelegate]
15:27:44.561 [Test worker] DEBUG org.springframework.test.context.BootstrapUtils - Instantiating BootstrapContext using constructor [public org.springframework.test.context.support.DefaultBootstrapContext(java.lang.Class,org.springframework.test.context.CacheAwareContextLoaderDelegate)]
15:27:44.585 [Test worker] DEBUG org.springframework.test.context.BootstrapUtils - Instantiating TestContextBootstrapper for test class [com.theBreak.app.TheBreakApplicationTests] from class [org.springframework.boot.test.context.SpringBootTestContextBootstrapper]
15:27:44.605 [Test worker] INFO org.springframework.boot.test.context.SpringBootTestContextBootstrapper - Neither @ContextConfiguration nor @ContextHierarchy found for test class [com.theBreak.app.TheBreakApplicationTests], using SpringBootContextLoader
15:27:44.609 [Test worker] DEBUG org.springframework.test.context.support.AbstractContextLoader - Did not detect default resource location for test class [com.theBreak.app.TheBreakApplicationTests]: class path resource [com/theBreak/app/TheBreakApplicationTests-context.xml] does not exist
15:27:44.609 [Test worker] DEBUG org.springframework.test.context.support.AbstractContextLoader - Did not detect default resource location for test class [com.theBreak.app.TheBreakApplicationTests]: class path resource [com/theBreak/app/TheBreakApplicationTestsContext.groovy] does not exist
15:27:44.609 [Test worker] INFO org.springframework.test.context.support.AbstractContextLoader - Could not detect default resource locations for test class [com.theBreak.app.TheBreakApplicationTests]: no resource found for suffixes {-context.xml, Context.groovy}.
15:27:44.609 [Test worker] INFO org.springframework.test.context.support.AnnotationConfigContextLoaderUtils - Could not detect default configuration classes for test class [com.theBreak.app.TheBreakApplicationTests]: TheBreakApplicationTests does not declare any static, non-private, non-final, nested classes annotated with @Configuration.
15:27:44.653 [Test worker] DEBUG org.springframework.test.context.support.ActiveProfilesUtils - Could not find an 'annotation declaring class' for annotation type [org.springframework.test.context.ActiveProfiles] and class [com.theBreak.app.TheBreakApplicationTests]
15:27:44.770 [Test worker] DEBUG org.springframework.context.annotation.ClassPathScanningCandidateComponentProvider - Identified candidate component class: file [C:\Users\jonas.bahls\Desktop\DHBW\Webshop - Projekt\TheBreakNew\build\classes\java\main\com\theBreak\app\TheBreakApplication.class]
15:27:44.773 [Test worker] INFO org.springframework.boot.test.context.SpringBootTestContextBootstrapper - Found @SpringBootConfiguration com.theBreak.app.TheBreakApplication for test class com.theBreak.app.TheBreakApplicationTests
15:27:44.909 [Test worker] DEBUG org.springframework.boot.test.context.SpringBootTestContextBootstrapper - @TestExecutionListeners is not present for class [com.theBreak.app.TheBreakApplicationTests]: using defaults.
15:27:44.909 [Test worker] INFO org.springframework.boot.test.context.SpringBootTestContextBootstrapper - Loaded default TestExecutionListener class names from location [META-INF/spring.factories]: [org.springframework.boot.test.autoconfigure.restdocs.RestDocsTestExecutionListener, org.springframework.boot.test.autoconfigure.web.client.MockRestServiceServerResetTestExecutionListener, org.springframework.boot.test.autoconfigure.web.servlet.MockMvcPrintOnlyOnFailureTestExecutionListener, org.springframework.boot.test.autoconfigure.web.servlet.WebDriverTestExecutionListener, org.springframework.boot.test.autoconfigure.webservices.client.MockWebServiceServerTestExecutionListener, org.springframework.boot.test.mock.mockito.MockitoTestExecutionListener, org.springframework.boot.test.mock.mockito.ResetMocksTestExecutionListener, org.springframework.test.context.web.ServletTestExecutionListener, org.springframework.test.context.support.DirtiesContextBeforeModesTestExecutionListener, org.springframework.test.context.support.DependencyInjectionTestExecutionListener, org.springframework.test.context.support.DirtiesContextTestExecutionListener, org.springframework.test.context.transaction.TransactionalTestExecutionListener, org.springframework.test.context.jdbc.SqlScriptsTestExecutionListener, org.springframework.test.context.event.EventPublishingTestExecutionListener]
15:27:44.921 [Test worker] DEBUG org.springframework.boot.test.context.SpringBootTestContextBootstrapper - Skipping candidate TestExecutionListener [org.springframework.test.context.transaction.TransactionalTestExecutionListener] due to a missing dependency. Specify custom listener classes or make the default listener classes and their required dependencies available. Offending class: [org/springframework/transaction/interceptor/TransactionAttributeSource]
15:27:44.921 [Test worker] DEBUG org.springframework.boot.test.context.SpringBootTestContextBootstrapper - Skipping candidate TestExecutionListener [org.springframework.test.context.jdbc.SqlScriptsTestExecutionListener] due to a missing dependency. Specify custom listener classes or make the default listener classes and their required dependencies available. Offending class: [org/springframework/transaction/interceptor/TransactionAttribute]
15:27:44.921 [Test worker] INFO org.springframework.boot.test.context.SpringBootTestContextBootstrapper - Using TestExecutionListeners: [org.springframework.test.context.web.ServletTestExecutionListener@7a105977, org.springframework.test.context.support.DirtiesContextBeforeModesTestExecutionListener@2383b10, org.springframework.boot.test.mock.mockito.MockitoTestExecutionListener@fd84e92, org.springframework.boot.test.autoconfigure.SpringBootDependencyInjectionTestExecutionListener@2617d524, org.springframework.test.context.support.DirtiesContextTestExecutionListener@5eb4eb70, org.springframework.test.context.event.EventPublishingTestExecutionListener@1d17bb0d, org.springframework.boot.test.autoconfigure.restdocs.RestDocsTestExecutionListener@5076cae3, org.springframework.boot.test.autoconfigure.web.client.MockRestServiceServerResetTestExecutionListener@48509b3c, org.springframework.boot.test.autoconfigure.web.servlet.MockMvcPrintOnlyOnFailureTestExecutionListener@3146162d, org.springframework.boot.test.autoconfigure.web.servlet.WebDriverTestExecutionListener@11291cdb, org.springframework.boot.test.autoconfigure.webservices.client.MockWebServiceServerTestExecutionListener@776eedcf, org.springframework.boot.test.mock.mockito.ResetMocksTestExecutionListener@3b2b1165]
15:27:44.925 [Test worker] DEBUG org.springframework.test.context.support.AbstractDirtiesContextTestExecutionListener - Before test class: context [DefaultTestContext@5d024199 testClass = TheBreakApplicationTests, testInstance = [null], testMethod = [null], testException = [null], mergedContextConfiguration = [WebMergedContextConfiguration@62f92c09 testClass = TheBreakApplicationTests, locations = '{}', classes = '{class com.theBreak.app.TheBreakApplication}', contextInitializerClasses = '[]', activeProfiles = '{}', propertySourceLocations = '{}', propertySourceProperties = '{org.springframework.boot.test.context.SpringBootTestContextBootstrapper=true}', contextCustomizers = set[org.springframework.boot.test.autoconfigure.properties.PropertyMappingContextCustomizer@0, org.springframework.boot.test.autoconfigure.web.servlet.WebDriverContextCustomizerFactory$Customizer@682960bf, org.springframework.boot.test.context.filter.ExcludeFilterContextCustomizer@64247b22, org.springframework.boot.test.json.DuplicateJsonObjectContextCustomizerFactory$DuplicateJsonObjectContextCustomizer@4986aa21, org.springframework.boot.test.mock.mockito.MockitoContextCustomizer@0, org.springframework.boot.test.web.client.TestRestTemplateContextCustomizer@1e1b2d97, org.springframework.boot.test.context.SpringBootTestArgs@1], resourceBasePath = 'src/main/webapp', contextLoader = 'org.springframework.boot.test.context.SpringBootContextLoader', parent = [null]], attributes = map['org.springframework.test.context.web.ServletTestExecutionListener.activateListener' -> true]], class annotated with @DirtiesContext [false] with mode [null].
15:27:44.953 [Test worker] DEBUG org.springframework.test.context.support.TestPropertySourceUtils - Adding inlined properties to environment: {spring.jmx.enabled=false, org.springframework.boot.test.context.SpringBootTestContextBootstrapper=true}

  .   ____          _            __ _ _
 /\\ / ___'_ __ _ _(_)_ __  __ _ \ \ \ \
( ( )\___ | '_ | '_| | '_ \/ _` | \ \ \ \
 \\/  ___)| |_)| | | | | || (_| |  ) ) ) )
  '  |____| .__|_| |_|_| |_\__, | / / / /
 =========|_|==============|___/=/_/_/_/
 :: Spring Boot ::        (v2.3.4.RELEASE)

2021-11-07 15:27:45.201  INFO 10900 --- [    Test worker] c.theBreak.app.TheBreakApplicationTests  : Starting TheBreakApplicationTests on BCWMC003617 with PID 10900 (started by jonas.bahls in C:\Users\jonas.bahls\Desktop\DHBW\Webshop - Projekt\TheBreakNew)
2021-11-07 15:27:45.205  INFO 10900 --- [    Test worker] c.theBreak.app.TheBreakApplicationTests  : No active profile set, falling back to default profiles: default
2021-11-07 15:27:46.811  INFO 10900 --- [    Test worker] o.s.s.concurrent.ThreadPoolTaskExecutor  : Initializing ExecutorService 'applicationTaskExecutor'
2021-11-07 15:27:47.980  INFO 10900 --- [    Test worker] o.s.b.a.e.web.EndpointLinksResolver      : Exposing 2 endpoint(s) beneath base path '/actuator'
2021-11-07 15:27:48.032  INFO 10900 --- [    Test worker] c.theBreak.app.TheBreakApplicationTests  : Started TheBreakApplicationTests in 3.068 seconds (JVM running for 4.439)
]]></system-out>
  <system-err><![CDATA[]]></system-err>
</testsuite>
